============================= test session starts ==============================
platform linux -- Python 3.13.5, pytest-9.0.3, pluggy-1.6.0 -- /home/benbetz/scoreboard/.venv/bin/python3
cachedir: .pytest_cache
rootdir: /home/benbetz/scoreboard
configfile: pyproject.toml
plugins: cov-7.1.0
collecting ... collected 151 items

tests/test_api.py::TestApiQualifyingInfo::test_empty_cache_returns_200_empty PASSED [  0%]
tests/test_api.py::TestApiQualifyingInfo::test_returns_cached_html PASSED [  1%]
tests/test_api.py::TestApiQualifyingInfo::test_etag_header_present PASSED [  1%]
tests/test_api.py::TestApiQualifyingInfo::test_cache_control_header PASSED [  2%]
tests/test_api.py::TestApiQualifyingInfo::test_if_none_match_returns_304 PASSED [  3%]
tests/test_api.py::TestApiQualifyingInfo::test_if_none_match_wrong_etag_returns_200 PASSED [  3%]
tests/test_api.py::TestApiMessagePage::test_empty_cache_returns_200_empty PASSED [  4%]
tests/test_api.py::TestApiMessagePage::test_returns_cached_html PASSED   [  5%]
tests/test_api.py::TestApiMessagePage::test_etag_header_present PASSED   [  5%]
tests/test_api.py::TestApiMessagePage::test_if_none_match_returns_304 PASSED [  6%]
tests/test_api.py::TestApiMessagePage::test_if_none_match_wrong_returns_200 PASSED [  7%]
tests/test_api.py::TestApiMessagePage::test_second_page_index PASSED     [  7%]
tests/test_cts_helpers.py::TestHexToDigit::test_digit_zero PASSED        [  8%]
tests/test_cts_helpers.py::TestHexToDigit::test_digit_one PASSED         [  9%]
tests/test_cts_helpers.py::TestHexToDigit::test_digit_five PASSED        [  9%]
tests/test_cts_helpers.py::TestHexToDigit::test_digit_nine PASSED        [ 10%]
tests/test_cts_helpers.py::TestHexToDigit::test_space_for_value_above_nine PASSED [ 11%]
tests/test_cts_helpers.py::TestHexToDigit::test_space_for_zero_input PASSED [ 11%]
tests/test_cts_helpers.py::TestHexToDigit::test_upper_nibble_masked PASSED [ 12%]
tests/test_cts_helpers.py::TestHexToDigit::test_all_digits PASSED        [ 13%]
tests/test_cts_helpers.py::TestFormatLaneTime::test_sub_minute_final PASSED [ 13%]
tests/test_cts_helpers.py::TestFormatLaneTime::test_over_minute_final PASSED [ 14%]
tests/test_cts_helpers.py::TestFormatLaneTime::test_running_mode PASSED  [ 15%]
tests/test_cts_helpers.py::TestFormatLaneTime::test_running_mode_no_hundredths PASSED [ 15%]
tests/test_cts_helpers.py::TestFormatLaneTime::test_zero_seconds PASSED  [ 16%]
tests/test_cts_helpers.py::TestFormatLaneTime::test_exactly_60_seconds PASSED [ 17%]
tests/test_cts_helpers.py::TestFormatLaneTime::test_right_justified_8_chars PASSED [ 17%]
tests/test_cts_helpers.py::TestFormatLaneTime::test_large_time PASSED    [ 18%]
tests/test_cts_helpers.py::TestFormatLaneTime::test_single_digit_seconds PASSED [ 19%]
tests/test_cts_helpers.py::TestFormatLaneTime::test_over_minute_running PASSED [ 19%]
tests/test_flask_routes.py::TestPublicRoutes::test_site_map PASSED       [ 20%]
tests/test_flask_routes.py::TestPublicRoutes::test_login_page PASSED     [ 21%]
tests/test_flask_routes.py::TestPublicRoutes::test_overlay_1080p PASSED  [ 21%]
tests/test_flask_routes.py::TestPublicRoutes::test_web_home PASSED       [ 22%]
tests/test_flask_routes.py::TestPublicRoutes::test_web_home_prepopulated PASSED [ 23%]
tests/test_flask_routes.py::TestProtectedRoutes::test_settings_requires_login PASSED [ 23%]
tests/test_flask_routes.py::TestProtectedRoutes::test_schedule_preview_requires_login PASSED [ 24%]
tests/test_flask_routes.py::TestProtectedRoutes::test_settings_accessible_when_logged_in PASSED [ 25%]
tests/test_flask_routes.py::TestLogin::test_login_success PASSED         [ 25%]
tests/test_flask_routes.py::TestLogin::test_login_failure PASSED         [ 26%]
tests/test_hytek_event_loader.py::TestHytekEventLoaderInit::test_empty_init PASSED [ 27%]
tests/test_hytek_event_loader.py::TestHytekEventLoaderInit::test_load_from_constructor PASSED [ 27%]
tests/test_hytek_event_loader.py::TestLoad::test_load_populates_events PASSED [ 28%]
tests/test_hytek_event_loader.py::TestLoad::test_load_populates_event_meta PASSED [ 29%]
tests/test_hytek_event_loader.py::TestGetters::test_get_event_name PASSED [ 29%]
tests/test_hytek_event_loader.py::TestGetters::test_get_event_name_missing PASSED [ 30%]
tests/test_hytek_event_loader.py::TestGetters::test_get_display_string PASSED [ 31%]
tests/test_hytek_event_loader.py::TestGetters::test_get_display_string_missing PASSED [ 31%]
tests/test_hytek_event_loader.py::TestGetters::test_get_team_code PASSED [ 32%]
tests/test_hytek_event_loader.py::TestGetters::test_get_team_code_missing PASSED [ 33%]
tests/test_hytek_event_loader.py::TestGetters::test_get_seed_time PASSED [ 33%]
tests/test_hytek_event_loader.py::TestGetters::test_get_seed_time_missing PASSED [ 34%]
tests/test_hytek_event_loader.py::TestGetters::test_get_age_code PASSED  [ 35%]
tests/test_hytek_event_loader.py::TestGetters::test_get_age_code_missing PASSED [ 35%]
tests/test_hytek_event_loader.py::TestClear::test_clear_resets_data PASSED [ 36%]
tests/test_hytek_event_loader.py::TestSerialization::test_round_trip PASSED [ 37%]
tests/test_hytek_event_loader.py::TestSerialization::test_round_trip_preserves_events PASSED [ 37%]
tests/test_hytek_rec_parser.py::TestMbfSingleToFloat::test_zero PASSED   [ 38%]
tests/test_hytek_rec_parser.py::TestMbfSingleToFloat::test_one PASSED    [ 39%]
tests/test_hytek_rec_parser.py::TestMbfSingleToFloat::test_negative_one PASSED [ 39%]
tests/test_hytek_rec_parser.py::TestMbfSingleToFloat::test_wrong_length PASSED [ 40%]
tests/test_hytek_rec_parser.py::TestFormatTime::test_sub_minute PASSED   [ 41%]
tests/test_hytek_rec_parser.py::TestFormatTime::test_over_minute PASSED  [ 41%]
tests/test_hytek_rec_parser.py::TestFormatTime::test_zero PASSED         [ 42%]
tests/test_hytek_rec_parser.py::TestFormatTime::test_exact_minute PASSED [ 43%]
tests/test_hytek_rec_parser.py::TestFormatTime::test_large_time PASSED   [ 43%]
tests/test_hytek_rec_parser.py::TestYyToYyyy::test_2000 PASSED           [ 44%]
tests/test_hytek_rec_parser.py::TestYyToYyyy::test_2068 PASSED           [ 45%]
tests/test_hytek_rec_parser.py::TestYyToYyyy::test_1969 PASSED           [ 45%]
tests/test_hytek_rec_parser.py::TestYyToYyyy::test_1999 PASSED           [ 46%]
tests/test_hytek_rec_parser.py::TestParseDate::test_full_date PASSED     [ 47%]
tests/test_hytek_rec_parser.py::TestParseDate::test_blank PASSED         [ 47%]
tests/test_hytek_rec_parser.py::TestParseDate::test_year_only PASSED     [ 48%]
tests/test_hytek_rec_parser.py::TestParseDate::test_month_year PASSED    [ 49%]
tests/test_hytek_rec_parser.py::TestParseDate::test_short_string PASSED  [ 49%]
tests/test_hytek_rec_parser.py::TestFormatRecordDate::test_epoch PASSED  [ 50%]
tests/test_hytek_rec_parser.py::TestFormatRecordDate::test_year_only PASSED [ 50%]
tests/test_hytek_rec_parser.py::TestFormatRecordDate::test_month_year PASSED [ 51%]
tests/test_hytek_rec_parser.py::TestFormatRecordDate::test_full_date PASSED [ 52%]
tests/test_hytek_rec_parser.py::TestParseRecFile::test_parse_header PASSED [ 52%]
tests/test_hytek_rec_parser.py::TestParseRecFile::test_parse_records PASSED [ 53%]
tests/test_hytek_rec_parser.py::TestParseRecFile::test_mixed_sex_ages PASSED [ 54%]
tests/test_hytek_rec_parser.py::TestParseRecFile::test_all_sample_files_parse PASSED [ 54%]
tests/test_hytek_rec_parser.py::TestParseRecFile::test_file_not_found PASSED [ 55%]
tests/test_hytek_st2_parser.py::TestParseSt2File::test_parse_header PASSED [ 56%]
tests/test_hytek_st2_parser.py::TestParseSt2File::test_parse_events PASSED [ 56%]
tests/test_hytek_st2_parser.py::TestParseSt2File::test_qualifying_times_present PASSED [ 57%]
tests/test_hytek_st2_parser.py::TestParseSt2File::test_mixed_standards PASSED [ 58%]
tests/test_hytek_st2_parser.py::TestParseSt2File::test_three_courses PASSED [ 58%]
tests/test_hytek_st2_parser.py::TestParseSt2File::test_all_sample_files_parse PASSED [ 59%]
tests/test_hytek_st2_parser.py::TestParseSt2File::test_event_age_groups PASSED [ 60%]
tests/test_hytek_st2_parser.py::TestParseSt2File::test_file_not_found PASSED [ 60%]
tests/test_race_state_machine.py::TestInitialState::test_starts_at_total_blank PASSED [ 61%]
tests/test_race_state_machine.py::TestInitialState::test_state_name PASSED [ 62%]
tests/test_race_state_machine.py::TestInitialState::test_no_active_running_lanes PASSED [ 62%]
tests/test_race_state_machine.py::TestInitialState::test_no_scores PASSED [ 63%]
tests/test_race_state_machine.py::TestDirectTriggers::test_total_blank_to_prerace PASSED [ 64%]
tests/test_race_state_machine.py::TestDirectTriggers::test_prerace_to_running PASSED [ 64%]
tests/test_race_state_machine.py::TestDirectTriggers::test_running_to_finished PASSED [ 65%]
tests/test_race_state_machine.py::TestDirectTriggers::test_finished_to_clear PASSED [ 66%]
tests/test_race_state_machine.py::TestDirectTriggers::test_finished_to_prerace_on_event_change PASSED [ 66%]
tests/test_race_state_machine.py::TestDirectTriggers::test_invalid_trigger_ignored PASSED [ 67%]
tests/test_race_state_machine.py::TestFullLifecycle::test_complete_race PASSED [ 68%]
tests/test_race_state_machine.py::TestFullLifecycle::test_back_to_back_races PASSED [ 68%]
tests/test_race_state_machine.py::TestEvaluateUpdate::test_lane_running_triggers_start PASSED [ 69%]
tests/test_race_state_machine.py::TestEvaluateUpdate::test_all_lanes_stop_triggers_finish PASSED [ 70%]
tests/test_race_state_machine.py::TestEvaluateUpdate::test_multiple_lanes_running PASSED [ 70%]
tests/test_race_state_machine.py::TestEvaluateUpdate::test_event_change_detected PASSED [ 71%]
tests/test_race_state_machine.py::TestEvaluateUpdate::test_blank_detection_after_finish PASSED [ 72%]
tests/test_race_state_machine.py::TestEvaluateUpdate::test_score_tracking PASSED [ 72%]
tests/test_race_state_machine.py::TestNotifyEventChange::test_from_total_blank PASSED [ 73%]
tests/test_race_state_machine.py::TestNotifyEventChange::test_from_finished PASSED [ 74%]
tests/test_race_state_machine.py::TestHasNonzeroScores::test_empty_scores PASSED [ 74%]
tests/test_race_state_machine.py::TestHasNonzeroScores::test_with_scores PASSED [ 75%]
tests/test_race_state_machine.py::TestHasNonzeroScores::test_zero_score PASSED [ 76%]
tests/test_race_state_machine.py::TestHasNonzeroScores::test_whitespace_score PASSED [ 76%]
tests/test_race_state_machine.py::TestBlankTransitions::test_prerace_to_blank PASSED [ 77%]
tests/test_race_state_machine.py::TestBlankTransitions::test_clear_to_blank PASSED [ 78%]
tests/test_race_state_machine.py::TestBlankTransitions::test_blank_to_total_blank PASSED [ 78%]
tests/test_race_state_machine.py::TestBlankTransitions::test_total_blank_to_blank PASSED [ 79%]
tests/test_race_state_machine.py::TestBlankTransitions::test_blank_to_prerace_via_show_lanes PASSED [ 80%]
tests/test_race_state_machine.py::TestBlankTransitions::test_blank_change_event PASSED [ 80%]
tests/test_race_state_machine.py::TestBlankTransitions::test_total_blank_change_event PASSED [ 81%]
tests/test_race_state_machine.py::TestPreRaceClears::test_on_enter_prerace_clears_lanes PASSED [ 82%]
tests/test_race_state_machine.py::TestPreRaceClears::test_on_enter_clear_prerace_clears_lanes PASSED [ 82%]
tests/test_rendering.py::TestContentCache::test_cache_put_returns_key PASSED [ 83%]
tests/test_rendering.py::TestContentCache::test_cache_put_deterministic PASSED [ 84%]
tests/test_rendering.py::TestContentCache::test_cache_put_different_content_different_key PASSED [ 84%]
tests/test_rendering.py::TestContentCache::test_cache_get_returns_stored PASSED [ 85%]
tests/test_rendering.py::TestContentCache::test_cache_get_missing_returns_none PASSED [ 86%]
tests/test_rendering.py::TestRenderBlankMessageHtml::test_none_returns_empty PASSED [ 86%]
tests/test_rendering.py::TestRenderBlankMessageHtml::test_empty_string PASSED [ 87%]
tests/test_rendering.py::TestRenderBlankMessageHtml::test_headers PASSED [ 88%]
tests/test_rendering.py::TestRenderBlankMessageHtml::test_bold PASSED    [ 88%]
tests/test_rendering.py::TestRenderBlankMessageHtml::test_italic PASSED  [ 89%]
tests/test_rendering.py::TestRenderBlankMessageHtml::test_strikethrough PASSED [ 90%]
tests/test_rendering.py::TestRenderBlankMessageHtml::test_underline PASSED [ 90%]
tests/test_rendering.py::TestRenderBlankMessageHtml::test_inline_code PASSED [ 91%]
tests/test_rendering.py::TestRenderBlankMessageHtml::test_unordered_list PASSED [ 92%]
tests/test_rendering.py::TestRenderBlankMessageHtml::test_ordered_list PASSED [ 92%]
tests/test_rendering.py::TestRenderBlankMessageHtml::test_html_escaping PASSED [ 93%]
tests/test_rendering.py::TestRenderBlankMessageHtml::test_blank_lines PASSED [ 94%]
tests/test_rendering.py::TestRenderBlankMessageHtml::test_code_protects_from_inline PASSED [ 94%]
tests/test_rendering.py::TestRenderQualifyingHtml::test_empty_groups_and_records PASSED [ 95%]
tests/test_rendering.py::TestRenderQualifyingHtml::test_single_standards_group PASSED [ 96%]
tests/test_rendering.py::TestRenderQualifyingHtml::test_records_column_appears PASSED [ 96%]
tests/test_rendering.py::TestRenderQualifyingHtml::test_multiple_groups_show_subheaders PASSED [ 97%]
tests/test_rendering.py::TestRenderQualifyingHtml::test_record_year_column PASSED [ 98%]
tests/test_rendering.py::TestRenderQualifyingHtml::test_team_specific_set_hides_team_column PASSED [ 98%]
tests/test_rendering.py::TestRenderQualifyingHtml::test_caching_returns_consistent_key PASSED [ 99%]
tests/test_rendering.py::TestRenderAndCacheMessagePages::test_caches_current_settings_pages PASSED [100%]

=============================== warnings summary ===============================
.venv/lib/python3.13/site-packages/attr/_make.py:918
  /home/benbetz/scoreboard/.venv/lib/python3.13/site-packages/attr/_make.py:918: RuntimeWarning: Running interpreter doesn't sufficiently support code object introspection.  Some features like bare super() or accessing __class__ will not work with slotted classes.
    set_closure_cell(cell, cls)

-- Docs: https://docs.pytest.org/en/stable/how-to/capture-warnings.html
======================== 151 passed, 1 warning in 0.65s ========================
